<?xml version="1.0" encoding="UTF-8"?>
<!-- Generated by org.testng.reporters.JUnitXMLReporter -->
<testsuite ignored="0" hostname="TYSS-Chaithra" failures="0" tests="2" name="Test-Runner-1" time="34.55" errors="0" timestamp="2022-09-03T11:06:55 IST">
  <testcase classname="vtiger.ContactsTests.CreateContactWithMandatoryFieldsTest" name="createContactWithMnadatoryFields" time="13.899"/>
  <testcase classname="vtiger.ContactsTests.CreateContactWithMandatoryFieldsTest" name="demoTest1" time="0.0"/>
</testsuite> <!-- Test-Runner-1 -->
