<?xml version="1.0" encoding="UTF-8"?>
<!-- Generated by org.testng.reporters.JUnitXMLReporter -->
<testsuite ignored="4" hostname="TYSS-Chaithra" failures="0" tests="4" name="Test-Runner-Firefox" time="41.427" errors="0" timestamp="2022-09-03T11:58:23 IST">
  <testcase classname="vtiger.GenericUtility.BaseClass" name="@BeforeMethod bmConfig" time="0.001">
    <failure type="java.lang.NullPointerException">
      <![CDATA[java.lang.NullPointerException
at org.openqa.selenium.support.pagefactory.DefaultElementLocator.findElement(DefaultElementLocator.java:69)
at org.openqa.selenium.support.pagefactory.internal.LocatingElementHandler.invoke(LocatingElementHandler.java:38)
at com.sun.proxy.$Proxy17.sendKeys(Unknown Source)
at vtiger.ObjectRepository.LoginPage.loginToApp(LoginPage.java:49)
at vtiger.GenericUtility.BaseClass.bmConfig(BaseClass.java:82)
at java.base/java.util.ArrayList.forEach(ArrayList.java:1541)
at java.base/java.util.concurrent.FutureTask.run(FutureTask.java:264)
at java.base/java.util.concurrent.ThreadPoolExecutor.runWorker(ThreadPoolExecutor.java:1128)
at java.base/java.util.concurrent.ThreadPoolExecutor$Worker.run(ThreadPoolExecutor.java:628)
at java.base/java.lang.Thread.run(Thread.java:829)
... Removed 22 stack frames]]>
    </failure>
  </testcase> <!-- @BeforeMethod bmConfig -->
  <testcase classname="vtiger.GenericUtility.BaseClass" name="@AfterMethod amConfig" time="-1.662186502619E9">
    <skipped/>
  </testcase> <!-- @AfterMethod amConfig -->
  <testcase classname="vtiger.GenericUtility.BaseClass" name="@BeforeMethod bmConfig" time="-1.66218650262E9">
    <skipped/>
  </testcase> <!-- @BeforeMethod bmConfig -->
  <testcase classname="vtiger.GenericUtility.BaseClass" name="@AfterMethod amConfig" time="-1.662186502623E9">
    <skipped/>
  </testcase> <!-- @AfterMethod amConfig -->
  <testcase classname="vtiger.ContactsTests.CreateContactWithOrgTest" name="createContactWithOrgTest" time="24.929"/>
  <testcase classname="vtiger.ContactsTests.CreateContactWithOrgTest" name="demoRegregression" time="0.0"/>
  <testcase classname="vtiger.ContactsTests.CreateContactWithMandatoryFieldsTest" name="createContactWithMnadatoryFields" time="0.0">
    <skipped/>
  </testcase> <!-- createContactWithMnadatoryFields -->
  <testcase classname="vtiger.ContactsTests.CreateContactWithMandatoryFieldsTest" name="demoTest1" time="0.0">
    <skipped/>
  </testcase> <!-- demoTest1 -->
  <testcase classname="vtiger.GenericUtility.BaseClass" name="@BeforeTest bcConfig" time="0.0">
    <ignored/>
  </testcase> <!-- @BeforeTest bcConfig -->
  <testcase classname="vtiger.GenericUtility.BaseClass" name="@AfterTest acConfig" time="0.0">
    <ignored/>
  </testcase> <!-- @AfterTest acConfig -->
  <testcase classname="vtiger.GenericUtility.BaseClass" name="@BeforeSuite bsConfig" time="0.0">
    <ignored/>
  </testcase> <!-- @BeforeSuite bsConfig -->
  <testcase classname="vtiger.GenericUtility.BaseClass" name="@AfterSuite asConfig" time="0.0">
    <ignored/>
  </testcase> <!-- @AfterSuite asConfig -->
</testsuite> <!-- Test-Runner-Firefox -->
