<?xml version="1.0" encoding="UTF-8"?>
<!-- Generated by org.testng.reporters.JUnitXMLReporter -->
<testsuite ignored="0" hostname="TYSS-Chaithra" failures="0" tests="2" name="Test-Runner-2" time="46.558" errors="0" timestamp="2022-09-03T11:07:07 IST">
  <testcase classname="vtiger.ContactsTests.CreateContactWithOrgTest" name="createContactWithOrgTest" time="28.153"/>
  <testcase classname="vtiger.ContactsTests.CreateContactWithOrgTest" name="demoRegregression" time="0.002"/>
</testsuite> <!-- Test-Runner-2 -->
