<?xml version="1.0" encoding="UTF-8"?>
<!-- Generated by org.testng.reporters.JUnitReportReporter -->
<testsuite hostname="TYSS-Chaithra" failures="0" tests="1" name="vtiger.Practice.ReadDataFromCmdLineTest" time="0.005" errors="0" timestamp="2022-09-09T11:22:03 IST" skipped="0">
  <testcase classname="vtiger.Practice.ReadDataFromCmdLineTest" name="readData" time="0.005"/>
  <system-out/>
</testsuite> <!-- vtiger.Practice.ReadDataFromCmdLineTest -->
