<?xml version="1.0" encoding="UTF-8"?>
<!-- Generated by org.testng.reporters.JUnitReportReporter -->
<testsuite hostname="TYSS-Chaithra" failures="0" tests="1" name="vtiger.ContactsTests.CreateContactWithOrgTest" time="4.416" errors="0" timestamp="2022-09-09T12:06:06 IST" skipped="0">
  <testcase classname="vtiger.ContactsTests.CreateContactWithOrgTest" name="demoRegregression" time="4.416"/>
  <system-out/>
</testsuite> <!-- vtiger.ContactsTests.CreateContactWithOrgTest -->
