<?xml version="1.0" encoding="UTF-8"?>
<!-- Generated by org.testng.reporters.JUnitReportReporter -->
<testsuite hostname="TYSS-Chaithra" failures="0" tests="3" name="vtiger.Practice.TestNGPractice" time="0.010" errors="0" timestamp="2022-08-29T12:33:33 IST" skipped="1">
  <testcase classname="vtiger.Practice.TestNGPractice" name="ModifyCustomerTest" time="0.001"/>
  <system-out/>
  <testcase classname="vtiger.Practice.TestNGPractice" name="CreateCustomerTest" time="0.009"/>
  <system-out/>
  <testcase classname="vtiger.Practice.TestNGPractice" name="DeleteCustomerTest">
    <skipped/>
  </testcase> <!-- DeleteCustomerTest -->
  <system-out/>
</testsuite> <!-- vtiger.Practice.TestNGPractice -->
